[2025-09-05 06:43:21] local.ERROR: SQLSTATE[23000]: Integrity constraint violation: 19 UNIQUE constraint failed: users.email (Connection: sqlite, SQL: insert into "users" ("name", "email", "email_verified_at", "password", "remember_token", "updated_at", "created_at") values (Test User, test@example.com, 2025-09-05 06:43:21, $2y$12$BEmLghdhgVQO0R2TAlin6O/dPW3v/Et.828aUUuDFbbt6cc0N782W, Qkbf2NbCoK, 2025-09-05 06:43:21, 2025-09-05 06:43:21)) {"exception":"[object] (Illuminate\\Database\\UniqueConstraintViolationException(code: 23000): SQLSTATE[23000]: Integrity constraint violation: 19 UNIQUE constraint failed: users.email (Connection: sqlite, SQL: insert into \"users\" (\"name\", \"email\", \"email_verified_at\", \"password\", \"remember_token\", \"updated_at\", \"created_at\") values (Test User, test@example.com, 2025-09-05 06:43:21, $2y$12$BEmLghdhgVQO0R2TAlin6O/dPW3v/Et.828aUUuDFbbt6cc0N782W, Qkbf2NbCoK, 2025-09-05 06:43:21, 2025-09-05 06:43:21)) at C:\\Users\\dhg04\\Desktop\\Hetvi\\Websites\\AFSWD Assignemnets\\304\\backend\\vendor\\laravel\\framework\\src\\Illuminate\\Database\\Connection.php:819)
[stacktrace]
#0 C:\\Users\\dhg04\\Desktop\\Hetvi\\Websites\\AFSWD Assignemnets\\304\\backend\\vendor\\laravel\\framework\\src\\Illuminate\\Database\\Connection.php(778): Illuminate\\Database\\Connection->runQueryCallback()
#1 C:\\Users\\dhg04\\Desktop\\Hetvi\\Websites\\AFSWD Assignemnets\\304\\backend\\vendor\\laravel\\framework\\src\\Illuminate\\Database\\Connection.php(559): Illuminate\\Database\\Connection->run()
#2 C:\\Users\\dhg04\\Desktop\\Hetvi\\Websites\\AFSWD Assignemnets\\304\\backend\\vendor\\laravel\\framework\\src\\Illuminate\\Database\\Connection.php(523): Illuminate\\Database\\Connection->statement()
#3 C:\\Users\\dhg04\\Desktop\\Hetvi\\Websites\\AFSWD Assignemnets\\304\\backend\\vendor\\laravel\\framework\\src\\Illuminate\\Database\\Query\\Processors\\Processor.php(32): Illuminate\\Database\\Connection->insert()
#4 C:\\Users\\dhg04\\Desktop\\Hetvi\\Websites\\AFSWD Assignemnets\\304\\backend\\vendor\\laravel\\framework\\src\\Illuminate\\Database\\Query\\Builder.php(3853): Illuminate\\Database\\Query\\Processors\\Processor->processInsertGetId()
#5 C:\\Users\\dhg04\\Desktop\\Hetvi\\Websites\\AFSWD Assignemnets\\304\\backend\\vendor\\laravel\\framework\\src\\Illuminate\\Database\\Eloquent\\Builder.php(2220): Illuminate\\Database\\Query\\Builder->insertGetId()
#6 C:\\Users\\dhg04\\Desktop\\Hetvi\\Websites\\AFSWD Assignemnets\\304\\backend\\vendor\\laravel\\framework\\src\\Illuminate\\Database\\Eloquent\\Model.php(1436): Illuminate\\Database\\Eloquent\\Builder->__call()
#7 C:\\Users\\dhg04\\Desktop\\Hetvi\\Websites\\AFSWD Assignemnets\\304\\backend\\vendor\\laravel\\framework\\src\\Illuminate\\Database\\Eloquent\\Model.php(1401): Illuminate\\Database\\Eloquent\\Model->insertAndSetId()
#8 C:\\Users\\dhg04\\Desktop\\Hetvi\\Websites\\AFSWD Assignemnets\\304\\backend\\vendor\\laravel\\framework\\src\\Illuminate\\Database\\Eloquent\\Model.php(1240): Illuminate\\Database\\Eloquent\\Model->performInsert()
#9 C:\\Users\\dhg04\\Desktop\\Hetvi\\Websites\\AFSWD Assignemnets\\304\\backend\\vendor\\laravel\\framework\\src\\Illuminate\\Database\\Eloquent\\Factories\\Factory.php(370): Illuminate\\Database\\Eloquent\\Model->save()
#10 C:\\Users\\dhg04\\Desktop\\Hetvi\\Websites\\AFSWD Assignemnets\\304\\backend\\vendor\\laravel\\framework\\src\\Illuminate\\Collections\\Traits\\EnumeratesValues.php(271): Illuminate\\Database\\Eloquent\\Factories\\Factory->Illuminate\\Database\\Eloquent\\Factories\\{closure}()
#11 C:\\Users\\dhg04\\Desktop\\Hetvi\\Websites\\AFSWD Assignemnets\\304\\backend\\vendor\\laravel\\framework\\src\\Illuminate\\Database\\Eloquent\\Factories\\Factory.php(365): Illuminate\\Support\\Collection->each()
#12 C:\\Users\\dhg04\\Desktop\\Hetvi\\Websites\\AFSWD Assignemnets\\304\\backend\\vendor\\laravel\\framework\\src\\Illuminate\\Database\\Eloquent\\Factories\\Factory.php(321): Illuminate\\Database\\Eloquent\\Factories\\Factory->store()
#13 C:\\Users\\dhg04\\Desktop\\Hetvi\\Websites\\AFSWD Assignemnets\\304\\backend\\vendor\\laravel\\framework\\src\\Illuminate\\Database\\Eloquent\\Factories\\Factory.php(315): Illuminate\\Database\\Eloquent\\Factories\\Factory->create()
#14 C:\\Users\\dhg04\\Desktop\\Hetvi\\Websites\\AFSWD Assignemnets\\304\\backend\\database\\seeders\\DatabaseSeeder.php(20): Illuminate\\Database\\Eloquent\\Factories\\Factory->create()
#15 C:\\Users\\dhg04\\Desktop\\Hetvi\\Websites\\AFSWD Assignemnets\\304\\backend\\vendor\\laravel\\framework\\src\\Illuminate\\Container\\BoundMethod.php(36): Database\\Seeders\\DatabaseSeeder->run()
#16 C:\\Users\\dhg04\\Desktop\\Hetvi\\Websites\\AFSWD Assignemnets\\304\\backend\\vendor\\laravel\\framework\\src\\Illuminate\\Container\\Util.php(43): Illuminate\\Container\\BoundMethod::Illuminate\\Container\\{closure}()
#17 C:\\Users\\dhg04\\Desktop\\Hetvi\\Websites\\AFSWD Assignemnets\\304\\backend\\vendor\\laravel\\framework\\src\\Illuminate\\Container\\BoundMethod.php(96): Illuminate\\Container\\Util::unwrapIfClosure()
#18 C:\\Users\\dhg04\\Desktop\\Hetvi\\Websites\\AFSWD Assignemnets\\304\\backend\\vendor\\laravel\\framework\\src\\Illuminate\\Container\\BoundMethod.php(35): Illuminate\\Container\\BoundMethod::callBoundMethod()
#19 C:\\Users\\dhg04\\Desktop\\Hetvi\\Websites\\AFSWD Assignemnets\\304\\backend\\vendor\\laravel\\framework\\src\\Illuminate\\Container\\Container.php(836): Illuminate\\Container\\BoundMethod::call()
#20 C:\\Users\\dhg04\\Desktop\\Hetvi\\Websites\\AFSWD Assignemnets\\304\\backend\\vendor\\laravel\\framework\\src\\Illuminate\\Database\\Seeder.php(188): Illuminate\\Container\\Container->call()
#21 C:\\Users\\dhg04\\Desktop\\Hetvi\\Websites\\AFSWD Assignemnets\\304\\backend\\vendor\\laravel\\framework\\src\\Illuminate\\Database\\Seeder.php(197): Illuminate\\Database\\Seeder->Illuminate\\Database\\{closure}()
#22 C:\\Users\\dhg04\\Desktop\\Hetvi\\Websites\\AFSWD Assignemnets\\304\\backend\\vendor\\laravel\\framework\\src\\Illuminate\\Database\\Console\\Seeds\\SeedCommand.php(71): Illuminate\\Database\\Seeder->__invoke()
#23 C:\\Users\\dhg04\\Desktop\\Hetvi\\Websites\\AFSWD Assignemnets\\304\\backend\\vendor\\laravel\\framework\\src\\Illuminate\\Database\\Eloquent\\Concerns\\GuardsAttributes.php(157): Illuminate\\Database\\Console\\Seeds\\SeedCommand->Illuminate\\Database\\Console\\Seeds\\{closure}()
#24 C:\\Users\\dhg04\\Desktop\\Hetvi\\Websites\\AFSWD Assignemnets\\304\\backend\\vendor\\laravel\\framework\\src\\Illuminate\\Database\\Console\\Seeds\\SeedCommand.php(70): Illuminate\\Database\\Eloquent\\Model::unguarded()
#25 C:\\Users\\dhg04\\Desktop\\Hetvi\\Websites\\AFSWD Assignemnets\\304\\backend\\vendor\\laravel\\framework\\src\\Illuminate\\Container\\BoundMethod.php(36): Illuminate\\Database\\Console\\Seeds\\SeedCommand->handle()
#26 C:\\Users\\dhg04\\Desktop\\Hetvi\\Websites\\AFSWD Assignemnets\\304\\backend\\vendor\\laravel\\framework\\src\\Illuminate\\Container\\Util.php(43): Illuminate\\Container\\BoundMethod::Illuminate\\Container\\{closure}()
#27 C:\\Users\\dhg04\\Desktop\\Hetvi\\Websites\\AFSWD Assignemnets\\304\\backend\\vendor\\laravel\\framework\\src\\Illuminate\\Container\\BoundMethod.php(96): Illuminate\\Container\\Util::unwrapIfClosure()
#28 C:\\Users\\dhg04\\Desktop\\Hetvi\\Websites\\AFSWD Assignemnets\\304\\backend\\vendor\\laravel\\framework\\src\\Illuminate\\Container\\BoundMethod.php(35): Illuminate\\Container\\BoundMethod::callBoundMethod()
#29 C:\\Users\\dhg04\\Desktop\\Hetvi\\Websites\\AFSWD Assignemnets\\304\\backend\\vendor\\laravel\\framework\\src\\Illuminate\\Container\\Container.php(836): Illuminate\\Container\\BoundMethod::call()
#30 C:\\Users\\dhg04\\Desktop\\Hetvi\\Websites\\AFSWD Assignemnets\\304\\backend\\vendor\\laravel\\framework\\src\\Illuminate\\Console\\Command.php(211): Illuminate\\Container\\Container->call()
#31 C:\\Users\\dhg04\\Desktop\\Hetvi\\Websites\\AFSWD Assignemnets\\304\\backend\\vendor\\symfony\\console\\Command\\Command.php(318): Illuminate\\Console\\Command->execute()
#32 C:\\Users\\dhg04\\Desktop\\Hetvi\\Websites\\AFSWD Assignemnets\\304\\backend\\vendor\\laravel\\framework\\src\\Illuminate\\Console\\Command.php(180): Symfony\\Component\\Console\\Command\\Command->run()
#33 C:\\Users\\dhg04\\Desktop\\Hetvi\\Websites\\AFSWD Assignemnets\\304\\backend\\vendor\\symfony\\console\\Application.php(1110): Illuminate\\Console\\Command->run()
#34 C:\\Users\\dhg04\\Desktop\\Hetvi\\Websites\\AFSWD Assignemnets\\304\\backend\\vendor\\symfony\\console\\Application.php(359): Symfony\\Component\\Console\\Application->doRunCommand()
#35 C:\\Users\\dhg04\\Desktop\\Hetvi\\Websites\\AFSWD Assignemnets\\304\\backend\\vendor\\symfony\\console\\Application.php(194): Symfony\\Component\\Console\\Application->doRun()
#36 C:\\Users\\dhg04\\Desktop\\Hetvi\\Websites\\AFSWD Assignemnets\\304\\backend\\vendor\\laravel\\framework\\src\\Illuminate\\Foundation\\Console\\Kernel.php(197): Symfony\\Component\\Console\\Application->run()
#37 C:\\Users\\dhg04\\Desktop\\Hetvi\\Websites\\AFSWD Assignemnets\\304\\backend\\vendor\\laravel\\framework\\src\\Illuminate\\Foundation\\Application.php(1235): Illuminate\\Foundation\\Console\\Kernel->handle()
#38 C:\\Users\\dhg04\\Desktop\\Hetvi\\Websites\\AFSWD Assignemnets\\304\\backend\\artisan(16): Illuminate\\Foundation\\Application->handleCommand()
#39 {main}

[previous exception] [object] (PDOException(code: 23000): SQLSTATE[23000]: Integrity constraint violation: 19 UNIQUE constraint failed: users.email at C:\\Users\\dhg04\\Desktop\\Hetvi\\Websites\\AFSWD Assignemnets\\304\\backend\\vendor\\laravel\\framework\\src\\Illuminate\\Database\\Connection.php:570)
[stacktrace]
#0 C:\\Users\\dhg04\\Desktop\\Hetvi\\Websites\\AFSWD Assignemnets\\304\\backend\\vendor\\laravel\\framework\\src\\Illuminate\\Database\\Connection.php(570): PDOStatement->execute()
#1 C:\\Users\\dhg04\\Desktop\\Hetvi\\Websites\\AFSWD Assignemnets\\304\\backend\\vendor\\laravel\\framework\\src\\Illuminate\\Database\\Connection.php(811): Illuminate\\Database\\Connection->Illuminate\\Database\\{closure}()
#2 C:\\Users\\dhg04\\Desktop\\Hetvi\\Websites\\AFSWD Assignemnets\\304\\backend\\vendor\\laravel\\framework\\src\\Illuminate\\Database\\Connection.php(778): Illuminate\\Database\\Connection->runQueryCallback()
#3 C:\\Users\\dhg04\\Desktop\\Hetvi\\Websites\\AFSWD Assignemnets\\304\\backend\\vendor\\laravel\\framework\\src\\Illuminate\\Database\\Connection.php(559): Illuminate\\Database\\Connection->run()
#4 C:\\Users\\dhg04\\Desktop\\Hetvi\\Websites\\AFSWD Assignemnets\\304\\backend\\vendor\\laravel\\framework\\src\\Illuminate\\Database\\Connection.php(523): Illuminate\\Database\\Connection->statement()
#5 C:\\Users\\dhg04\\Desktop\\Hetvi\\Websites\\AFSWD Assignemnets\\304\\backend\\vendor\\laravel\\framework\\src\\Illuminate\\Database\\Query\\Processors\\Processor.php(32): Illuminate\\Database\\Connection->insert()
#6 C:\\Users\\dhg04\\Desktop\\Hetvi\\Websites\\AFSWD Assignemnets\\304\\backend\\vendor\\laravel\\framework\\src\\Illuminate\\Database\\Query\\Builder.php(3853): Illuminate\\Database\\Query\\Processors\\Processor->processInsertGetId()
#7 C:\\Users\\dhg04\\Desktop\\Hetvi\\Websites\\AFSWD Assignemnets\\304\\backend\\vendor\\laravel\\framework\\src\\Illuminate\\Database\\Eloquent\\Builder.php(2220): Illuminate\\Database\\Query\\Builder->insertGetId()
#8 C:\\Users\\dhg04\\Desktop\\Hetvi\\Websites\\AFSWD Assignemnets\\304\\backend\\vendor\\laravel\\framework\\src\\Illuminate\\Database\\Eloquent\\Model.php(1436): Illuminate\\Database\\Eloquent\\Builder->__call()
#9 C:\\Users\\dhg04\\Desktop\\Hetvi\\Websites\\AFSWD Assignemnets\\304\\backend\\vendor\\laravel\\framework\\src\\Illuminate\\Database\\Eloquent\\Model.php(1401): Illuminate\\Database\\Eloquent\\Model->insertAndSetId()
#10 C:\\Users\\dhg04\\Desktop\\Hetvi\\Websites\\AFSWD Assignemnets\\304\\backend\\vendor\\laravel\\framework\\src\\Illuminate\\Database\\Eloquent\\Model.php(1240): Illuminate\\Database\\Eloquent\\Model->performInsert()
#11 C:\\Users\\dhg04\\Desktop\\Hetvi\\Websites\\AFSWD Assignemnets\\304\\backend\\vendor\\laravel\\framework\\src\\Illuminate\\Database\\Eloquent\\Factories\\Factory.php(370): Illuminate\\Database\\Eloquent\\Model->save()
#12 C:\\Users\\dhg04\\Desktop\\Hetvi\\Websites\\AFSWD Assignemnets\\304\\backend\\vendor\\laravel\\framework\\src\\Illuminate\\Collections\\Traits\\EnumeratesValues.php(271): Illuminate\\Database\\Eloquent\\Factories\\Factory->Illuminate\\Database\\Eloquent\\Factories\\{closure}()
#13 C:\\Users\\dhg04\\Desktop\\Hetvi\\Websites\\AFSWD Assignemnets\\304\\backend\\vendor\\laravel\\framework\\src\\Illuminate\\Database\\Eloquent\\Factories\\Factory.php(365): Illuminate\\Support\\Collection->each()
#14 C:\\Users\\dhg04\\Desktop\\Hetvi\\Websites\\AFSWD Assignemnets\\304\\backend\\vendor\\laravel\\framework\\src\\Illuminate\\Database\\Eloquent\\Factories\\Factory.php(321): Illuminate\\Database\\Eloquent\\Factories\\Factory->store()
#15 C:\\Users\\dhg04\\Desktop\\Hetvi\\Websites\\AFSWD Assignemnets\\304\\backend\\vendor\\laravel\\framework\\src\\Illuminate\\Database\\Eloquent\\Factories\\Factory.php(315): Illuminate\\Database\\Eloquent\\Factories\\Factory->create()
#16 C:\\Users\\dhg04\\Desktop\\Hetvi\\Websites\\AFSWD Assignemnets\\304\\backend\\database\\seeders\\DatabaseSeeder.php(20): Illuminate\\Database\\Eloquent\\Factories\\Factory->create()
#17 C:\\Users\\dhg04\\Desktop\\Hetvi\\Websites\\AFSWD Assignemnets\\304\\backend\\vendor\\laravel\\framework\\src\\Illuminate\\Container\\BoundMethod.php(36): Database\\Seeders\\DatabaseSeeder->run()
#18 C:\\Users\\dhg04\\Desktop\\Hetvi\\Websites\\AFSWD Assignemnets\\304\\backend\\vendor\\laravel\\framework\\src\\Illuminate\\Container\\Util.php(43): Illuminate\\Container\\BoundMethod::Illuminate\\Container\\{closure}()
#19 C:\\Users\\dhg04\\Desktop\\Hetvi\\Websites\\AFSWD Assignemnets\\304\\backend\\vendor\\laravel\\framework\\src\\Illuminate\\Container\\BoundMethod.php(96): Illuminate\\Container\\Util::unwrapIfClosure()
#20 C:\\Users\\dhg04\\Desktop\\Hetvi\\Websites\\AFSWD Assignemnets\\304\\backend\\vendor\\laravel\\framework\\src\\Illuminate\\Container\\BoundMethod.php(35): Illuminate\\Container\\BoundMethod::callBoundMethod()
#21 C:\\Users\\dhg04\\Desktop\\Hetvi\\Websites\\AFSWD Assignemnets\\304\\backend\\vendor\\laravel\\framework\\src\\Illuminate\\Container\\Container.php(836): Illuminate\\Container\\BoundMethod::call()
#22 C:\\Users\\dhg04\\Desktop\\Hetvi\\Websites\\AFSWD Assignemnets\\304\\backend\\vendor\\laravel\\framework\\src\\Illuminate\\Database\\Seeder.php(188): Illuminate\\Container\\Container->call()
#23 C:\\Users\\dhg04\\Desktop\\Hetvi\\Websites\\AFSWD Assignemnets\\304\\backend\\vendor\\laravel\\framework\\src\\Illuminate\\Database\\Seeder.php(197): Illuminate\\Database\\Seeder->Illuminate\\Database\\{closure}()
#24 C:\\Users\\dhg04\\Desktop\\Hetvi\\Websites\\AFSWD Assignemnets\\304\\backend\\vendor\\laravel\\framework\\src\\Illuminate\\Database\\Console\\Seeds\\SeedCommand.php(71): Illuminate\\Database\\Seeder->__invoke()
#25 C:\\Users\\dhg04\\Desktop\\Hetvi\\Websites\\AFSWD Assignemnets\\304\\backend\\vendor\\laravel\\framework\\src\\Illuminate\\Database\\Eloquent\\Concerns\\GuardsAttributes.php(157): Illuminate\\Database\\Console\\Seeds\\SeedCommand->Illuminate\\Database\\Console\\Seeds\\{closure}()
#26 C:\\Users\\dhg04\\Desktop\\Hetvi\\Websites\\AFSWD Assignemnets\\304\\backend\\vendor\\laravel\\framework\\src\\Illuminate\\Database\\Console\\Seeds\\SeedCommand.php(70): Illuminate\\Database\\Eloquent\\Model::unguarded()
#27 C:\\Users\\dhg04\\Desktop\\Hetvi\\Websites\\AFSWD Assignemnets\\304\\backend\\vendor\\laravel\\framework\\src\\Illuminate\\Container\\BoundMethod.php(36): Illuminate\\Database\\Console\\Seeds\\SeedCommand->handle()
#28 C:\\Users\\dhg04\\Desktop\\Hetvi\\Websites\\AFSWD Assignemnets\\304\\backend\\vendor\\laravel\\framework\\src\\Illuminate\\Container\\Util.php(43): Illuminate\\Container\\BoundMethod::Illuminate\\Container\\{closure}()
#29 C:\\Users\\dhg04\\Desktop\\Hetvi\\Websites\\AFSWD Assignemnets\\304\\backend\\vendor\\laravel\\framework\\src\\Illuminate\\Container\\BoundMethod.php(96): Illuminate\\Container\\Util::unwrapIfClosure()
#30 C:\\Users\\dhg04\\Desktop\\Hetvi\\Websites\\AFSWD Assignemnets\\304\\backend\\vendor\\laravel\\framework\\src\\Illuminate\\Container\\BoundMethod.php(35): Illuminate\\Container\\BoundMethod::callBoundMethod()
#31 C:\\Users\\dhg04\\Desktop\\Hetvi\\Websites\\AFSWD Assignemnets\\304\\backend\\vendor\\laravel\\framework\\src\\Illuminate\\Container\\Container.php(836): Illuminate\\Container\\BoundMethod::call()
#32 C:\\Users\\dhg04\\Desktop\\Hetvi\\Websites\\AFSWD Assignemnets\\304\\backend\\vendor\\laravel\\framework\\src\\Illuminate\\Console\\Command.php(211): Illuminate\\Container\\Container->call()
#33 C:\\Users\\dhg04\\Desktop\\Hetvi\\Websites\\AFSWD Assignemnets\\304\\backend\\vendor\\symfony\\console\\Command\\Command.php(318): Illuminate\\Console\\Command->execute()
#34 C:\\Users\\dhg04\\Desktop\\Hetvi\\Websites\\AFSWD Assignemnets\\304\\backend\\vendor\\laravel\\framework\\src\\Illuminate\\Console\\Command.php(180): Symfony\\Component\\Console\\Command\\Command->run()
#35 C:\\Users\\dhg04\\Desktop\\Hetvi\\Websites\\AFSWD Assignemnets\\304\\backend\\vendor\\symfony\\console\\Application.php(1110): Illuminate\\Console\\Command->run()
#36 C:\\Users\\dhg04\\Desktop\\Hetvi\\Websites\\AFSWD Assignemnets\\304\\backend\\vendor\\symfony\\console\\Application.php(359): Symfony\\Component\\Console\\Application->doRunCommand()
#37 C:\\Users\\dhg04\\Desktop\\Hetvi\\Websites\\AFSWD Assignemnets\\304\\backend\\vendor\\symfony\\console\\Application.php(194): Symfony\\Component\\Console\\Application->doRun()
#38 C:\\Users\\dhg04\\Desktop\\Hetvi\\Websites\\AFSWD Assignemnets\\304\\backend\\vendor\\laravel\\framework\\src\\Illuminate\\Foundation\\Console\\Kernel.php(197): Symfony\\Component\\Console\\Application->run()
#39 C:\\Users\\dhg04\\Desktop\\Hetvi\\Websites\\AFSWD Assignemnets\\304\\backend\\vendor\\laravel\\framework\\src\\Illuminate\\Foundation\\Application.php(1235): Illuminate\\Foundation\\Console\\Kernel->handle()
#40 C:\\Users\\dhg04\\Desktop\\Hetvi\\Websites\\AFSWD Assignemnets\\304\\backend\\artisan(16): Illuminate\\Foundation\\Application->handleCommand()
#41 {main}
"} 
